Performing C SOURCE FILE Test CMAKE_HAVE_LIBC_PTHREAD failed with the following output:
Change Dir: /home/fillinmar/technoparkC++/techno-ih1/cmake-build-debug/CMakeFiles/CMakeTmp

Run Build Command(s):/usr/bin/make cmTC_efe4d/fast && /usr/bin/make  -f CMakeFiles/cmTC_efe4d.dir/build.make CMakeFiles/cmTC_efe4d.dir/build
make[1]: вход в каталог «/home/fillinmar/technoparkC++/techno-ih1/cmake-build-debug/CMakeFiles/CMakeTmp»
Building C object CMakeFiles/cmTC_efe4d.dir/src.c.o
/usr/bin/cc   --coverage -DCMAKE_HAVE_LIBC_PTHREAD   -o CMakeFiles/cmTC_efe4d.dir/src.c.o   -c /home/fillinmar/technoparkC++/techno-ih1/cmake-build-debug/CMakeFiles/CMakeTmp/src.c
Linking C executable cmTC_efe4d
/snap/clion/139/bin/cmake/linux/bin/cmake -E cmake_link_script CMakeFiles/cmTC_efe4d.dir/link.txt --verbose=1
/usr/bin/cc --coverage -DCMAKE_HAVE_LIBC_PTHREAD    -rdynamic CMakeFiles/cmTC_efe4d.dir/src.c.o  -o cmTC_efe4d 
/usr/bin/ld: CMakeFiles/cmTC_efe4d.dir/src.c.o: в функции «main»:
src.c:(.text+0x6a): неопределённая ссылка на «pthread_create»
/usr/bin/ld: src.c:(.text+0x88): неопределённая ссылка на «pthread_detach»
/usr/bin/ld: src.c:(.text+0xa6): неопределённая ссылка на «pthread_cancel»
/usr/bin/ld: src.c:(.text+0xc9): неопределённая ссылка на «pthread_join»
collect2: error: ld returned 1 exit status
make[1]: *** [CMakeFiles/cmTC_efe4d.dir/build.make:107: cmTC_efe4d] Ошибка 1
make[1]: выход из каталога «/home/fillinmar/technoparkC++/techno-ih1/cmake-build-debug/CMakeFiles/CMakeTmp»
make: *** [Makefile:141: cmTC_efe4d/fast] Ошибка 2


Source file was:
#include <pthread.h>

void* test_func(void* data)
{
  return data;
}

int main(void)
{
  pthread_t thread;
  pthread_create(&thread, NULL, test_func, NULL);
  pthread_detach(thread);
  pthread_cancel(thread);
  pthread_join(thread, NULL);
  pthread_atfork(NULL, NULL, NULL);
  pthread_exit(NULL);

  return 0;
}

Determining if the function pthread_create exists in the pthreads failed with the following output:
Change Dir: /home/fillinmar/technoparkC++/techno-ih1/cmake-build-debug/CMakeFiles/CMakeTmp

Run Build Command(s):/usr/bin/make cmTC_f3930/fast && /usr/bin/make  -f CMakeFiles/cmTC_f3930.dir/build.make CMakeFiles/cmTC_f3930.dir/build
make[1]: вход в каталог «/home/fillinmar/technoparkC++/techno-ih1/cmake-build-debug/CMakeFiles/CMakeTmp»
Building C object CMakeFiles/cmTC_f3930.dir/CheckFunctionExists.c.o
/usr/bin/cc   --coverage -DCHECK_FUNCTION_EXISTS=pthread_create   -o CMakeFiles/cmTC_f3930.dir/CheckFunctionExists.c.o   -c /snap/clion/139/bin/cmake/linux/share/cmake-3.17/Modules/CheckFunctionExists.c
Linking C executable cmTC_f3930
/snap/clion/139/bin/cmake/linux/bin/cmake -E cmake_link_script CMakeFiles/cmTC_f3930.dir/link.txt --verbose=1
/usr/bin/cc --coverage -DCHECK_FUNCTION_EXISTS=pthread_create    -rdynamic CMakeFiles/cmTC_f3930.dir/CheckFunctionExists.c.o  -o cmTC_f3930  -lpthreads 
/usr/bin/ld: невозможно найти -lpthreads
collect2: error: ld returned 1 exit status
make[1]: *** [CMakeFiles/cmTC_f3930.dir/build.make:107: cmTC_f3930] Ошибка 1
make[1]: выход из каталога «/home/fillinmar/technoparkC++/techno-ih1/cmake-build-debug/CMakeFiles/CMakeTmp»
make: *** [Makefile:141: cmTC_f3930/fast] Ошибка 2



