Performing C SOURCE FILE Test CMAKE_HAVE_LIBC_PTHREAD failed with the following output:
Change Dir: /home/fillinmar/test/techno-iz1/build/CMakeFiles/CMakeTmp

Run Build Command(s):/usr/bin/make cmTC_7a60f/fast && make[1]: вход в каталог «/home/fillinmar/test/techno-iz1/build/CMakeFiles/CMakeTmp»
/usr/bin/make -f CMakeFiles/cmTC_7a60f.dir/build.make CMakeFiles/cmTC_7a60f.dir/build
make[2]: вход в каталог «/home/fillinmar/test/techno-iz1/build/CMakeFiles/CMakeTmp»
Building C object CMakeFiles/cmTC_7a60f.dir/src.c.o
/usr/bin/cc   --coverage -DCMAKE_HAVE_LIBC_PTHREAD   -o CMakeFiles/cmTC_7a60f.dir/src.c.o   -c /home/fillinmar/test/techno-iz1/build/CMakeFiles/CMakeTmp/src.c
Linking C executable cmTC_7a60f
/usr/bin/cmake -E cmake_link_script CMakeFiles/cmTC_7a60f.dir/link.txt --verbose=1
/usr/bin/cc --coverage -DCMAKE_HAVE_LIBC_PTHREAD    -rdynamic CMakeFiles/cmTC_7a60f.dir/src.c.o  -o cmTC_7a60f 
/usr/bin/ld: CMakeFiles/cmTC_7a60f.dir/src.c.o: в функции «main»:
src.c:(.text+0x6a): неопределённая ссылка на «pthread_create»
/usr/bin/ld: src.c:(.text+0x88): неопределённая ссылка на «pthread_detach»
/usr/bin/ld: src.c:(.text+0xab): неопределённая ссылка на «pthread_join»
collect2: error: ld returned 1 exit status
make[2]: *** [CMakeFiles/cmTC_7a60f.dir/build.make:87: cmTC_7a60f] Ошибка 1
make[2]: выход из каталога «/home/fillinmar/test/techno-iz1/build/CMakeFiles/CMakeTmp»
make[1]: *** [Makefile:121: cmTC_7a60f/fast] Ошибка 2
make[1]: выход из каталога «/home/fillinmar/test/techno-iz1/build/CMakeFiles/CMakeTmp»


Source file was:
#include <pthread.h>

void* test_func(void* data)
{
  return data;
}

int main(void)
{
  pthread_t thread;
  pthread_create(&thread, NULL, test_func, NULL);
  pthread_detach(thread);
  pthread_join(thread, NULL);
  pthread_atfork(NULL, NULL, NULL);
  pthread_exit(NULL);

  return 0;
}

Determining if the function pthread_create exists in the pthreads failed with the following output:
Change Dir: /home/fillinmar/test/techno-iz1/build/CMakeFiles/CMakeTmp

Run Build Command(s):/usr/bin/make cmTC_db85a/fast && make[1]: вход в каталог «/home/fillinmar/test/techno-iz1/build/CMakeFiles/CMakeTmp»
/usr/bin/make -f CMakeFiles/cmTC_db85a.dir/build.make CMakeFiles/cmTC_db85a.dir/build
make[2]: вход в каталог «/home/fillinmar/test/techno-iz1/build/CMakeFiles/CMakeTmp»
Building C object CMakeFiles/cmTC_db85a.dir/CheckFunctionExists.c.o
/usr/bin/cc   --coverage -DCHECK_FUNCTION_EXISTS=pthread_create   -o CMakeFiles/cmTC_db85a.dir/CheckFunctionExists.c.o   -c /usr/share/cmake-3.16/Modules/CheckFunctionExists.c
Linking C executable cmTC_db85a
/usr/bin/cmake -E cmake_link_script CMakeFiles/cmTC_db85a.dir/link.txt --verbose=1
/usr/bin/cc --coverage -DCHECK_FUNCTION_EXISTS=pthread_create    -rdynamic CMakeFiles/cmTC_db85a.dir/CheckFunctionExists.c.o  -o cmTC_db85a  -lpthreads 
/usr/bin/ld: невозможно найти -lpthreads
collect2: error: ld returned 1 exit status
make[2]: *** [CMakeFiles/cmTC_db85a.dir/build.make:87: cmTC_db85a] Ошибка 1
make[2]: выход из каталога «/home/fillinmar/test/techno-iz1/build/CMakeFiles/CMakeTmp»
make[1]: *** [Makefile:121: cmTC_db85a/fast] Ошибка 2
make[1]: выход из каталога «/home/fillinmar/test/techno-iz1/build/CMakeFiles/CMakeTmp»



